<?xml version="1.0" encoding="UTF-8"?>
<testsuite xmlns:xsi="http://www.w3.org/2001/XMLSchema-instance" xsi:noNamespaceSchemaLocation="https://maven.apache.org/surefire/maven-surefire-plugin/xsd/surefire-test-report.xsd" name="com.timmy.Test2" time="0.734" tests="1" errors="0" skipped="0" failures="0">
  <properties>
    <property name="awt.toolkit" value="sun.awt.X11.XToolkit"/>
    <property name="java.specification.version" value="11"/>
    <property name="sun.cpu.isalist" value=""/>
    <property name="sun.jnu.encoding" value="UTF-8"/>
    <property name="java.class.path" value="/home/igorferreira/projetos/luiz/AI-JAVA/demo/target/test-classes:/home/igorferreira/projetos/luiz/AI-JAVA/demo/target/classes:/home/igorferreira/.m2/repository/org/springframework/spring-core/4.0.2.RELEASE/spring-core-4.0.2.RELEASE.jar:/home/igorferreira/.m2/repository/commons-logging/commons-logging/1.1.3/commons-logging-1.1.3.jar:/home/igorferreira/.m2/repository/org/springframework/spring-beans/4.0.2.RELEASE/spring-beans-4.0.2.RELEASE.jar:/home/igorferreira/.m2/repository/org/springframework/spring-context/4.0.2.RELEASE/spring-context-4.0.2.RELEASE.jar:/home/igorferreira/.m2/repository/org/springframework/spring-expression/4.0.2.RELEASE/spring-expression-4.0.2.RELEASE.jar:/home/igorferreira/.m2/repository/org/springframework/spring-context-support/4.0.2.RELEASE/spring-context-support-4.0.2.RELEASE.jar:/home/igorferreira/.m2/repository/net/sf/jasperreports/jasperreports/6.2.1/jasperreports-6.2.1.jar:/home/igorferreira/.m2/repository/commons-beanutils/commons-beanutils/1.9.0/commons-beanutils-1.9.0.jar:/home/igorferreira/.m2/repository/commons-collections/commons-collections/3.2.2/commons-collections-3.2.2.jar:/home/igorferreira/.m2/repository/commons-digester/commons-digester/2.1/commons-digester-2.1.jar:/home/igorferreira/.m2/repository/org/jfree/jcommon/1.0.23/jcommon-1.0.23.jar:/home/igorferreira/.m2/repository/org/jfree/jfreechart/1.0.19/jfreechart-1.0.19.jar:/home/igorferreira/.m2/repository/org/eclipse/jdt/core/compiler/ecj/4.3.1/ecj-4.3.1.jar:/home/igorferreira/.m2/repository/org/codehaus/castor/castor-xml/1.3.3/castor-xml-1.3.3.jar:/home/igorferreira/.m2/repository/org/codehaus/castor/castor-core/1.3.3/castor-core-1.3.3.jar:/home/igorferreira/.m2/repository/commons-lang/commons-lang/2.6/commons-lang-2.6.jar:/home/igorferreira/.m2/repository/javax/inject/javax.inject/1/javax.inject-1.jar:/home/igorferreira/.m2/repository/stax/stax/1.2.0/stax-1.2.0.jar:/home/igorferreira/.m2/repository/stax/stax-api/1.0.1/stax-api-1.0.1.jar:/home/igorferreira/.m2/repository/javax/xml/stream/stax-api/1.0-2/stax-api-1.0-2.jar:/home/igorferreira/.m2/repository/org/apache/lucene/lucene-core/4.5.1/lucene-core-4.5.1.jar:/home/igorferreira/.m2/repository/org/apache/lucene/lucene-analyzers-common/4.5.1/lucene-analyzers-common-4.5.1.jar:/home/igorferreira/.m2/repository/org/apache/lucene/lucene-queryparser/4.5.1/lucene-queryparser-4.5.1.jar:/home/igorferreira/.m2/repository/org/apache/lucene/lucene-queries/4.5.1/lucene-queries-4.5.1.jar:/home/igorferreira/.m2/repository/org/apache/lucene/lucene-sandbox/4.5.1/lucene-sandbox-4.5.1.jar:/home/igorferreira/.m2/repository/jakarta-regexp/jakarta-regexp/1.4/jakarta-regexp-1.4.jar:/home/igorferreira/.m2/repository/com/google/zxing/core/2.3.0/core-2.3.0.jar:/home/igorferreira/.m2/repository/com/itextpdf/itextpdf/5.5.13.2/itextpdf-5.5.13.2.jar:/home/igorferreira/.m2/repository/org/olap4j/olap4j/1.2.0/olap4j-1.2.0.jar:/home/igorferreira/.m2/repository/xerces/xercesImpl/2.11.0/xercesImpl-2.11.0.jar:/home/igorferreira/.m2/repository/xml-apis/xml-apis/1.4.01/xml-apis-1.4.01.jar:/home/igorferreira/.m2/repository/org/springframework/spring-web/4.0.2.RELEASE/spring-web-4.0.2.RELEASE.jar:/home/igorferreira/.m2/repository/org/springframework/spring-webmvc/4.0.2.RELEASE/spring-webmvc-4.0.2.RELEASE.jar:/home/igorferreira/.m2/repository/org/springframework/spring-tx/4.0.2.RELEASE/spring-tx-4.0.2.RELEASE.jar:/home/igorferreira/.m2/repository/org/springframework/spring-jdbc/4.0.2.RELEASE/spring-jdbc-4.0.2.RELEASE.jar:/home/igorferreira/.m2/repository/org/springframework/spring-aop/4.0.2.RELEASE/spring-aop-4.0.2.RELEASE.jar:/home/igorferreira/.m2/repository/aopalliance/aopalliance/1.0/aopalliance-1.0.jar:/home/igorferreira/.m2/repository/org/springframework/spring-oxm/4.0.2.RELEASE/spring-oxm-4.0.2.RELEASE.jar:/home/igorferreira/.m2/repository/org/springframework/spring-test/4.0.2.RELEASE/spring-test-4.0.2.RELEASE.jar:/home/igorferreira/.m2/repository/junit/junit/4.13.2/junit-4.13.2.jar:/home/igorferreira/.m2/repository/org/hamcrest/hamcrest-core/1.3/hamcrest-core-1.3.jar:/home/igorferreira/.m2/repository/com/fasterxml/jackson/core/jackson-core/2.9.8/jackson-core-2.9.8.jar:/home/igorferreira/.m2/repository/com/fasterxml/jackson/core/jackson-databind/2.9.8/jackson-databind-2.9.8.jar:/home/igorferreira/.m2/repository/com/fasterxml/jackson/core/jackson-annotations/2.9.8/jackson-annotations-2.9.8.jar:/home/igorferreira/.m2/repository/com/mysql/mysql-connector-j/8.0.32/mysql-connector-j-8.0.32.jar:/home/igorferreira/.m2/repository/com/google/protobuf/protobuf-java/3.21.9/protobuf-java-3.21.9.jar:/home/igorferreira/.m2/repository/org/mybatis/mybatis/3.5.6/mybatis-3.5.6.jar:/home/igorferreira/.m2/repository/org/mybatis/mybatis-spring/1.3.0/mybatis-spring-1.3.0.jar:/home/igorferreira/.m2/repository/javax/servlet/javax.servlet-api/3.0.1/javax.servlet-api-3.0.1.jar:/home/igorferreira/.m2/repository/org/java-websocket/Java-WebSocket/1.5.2/Java-WebSocket-1.5.2.jar:/home/igorferreira/.m2/repository/javax/json/javax.json-api/1.1.4/javax.json-api-1.1.4.jar:/home/igorferreira/.m2/repository/org/glassfish/javax.json/1.1.4/javax.json-1.1.4.jar:/home/igorferreira/.m2/repository/commons-codec/commons-codec/1.14/commons-codec-1.14.jar:/home/igorferreira/.m2/repository/commons-dbcp/commons-dbcp/1.2.2/commons-dbcp-1.2.2.jar:/home/igorferreira/.m2/repository/commons-pool/commons-pool/1.3/commons-pool-1.3.jar:/home/igorferreira/.m2/repository/commons-fileupload/commons-fileupload/1.3.1/commons-fileupload-1.3.1.jar:/home/igorferreira/.m2/repository/commons-io/commons-io/2.5/commons-io-2.5.jar:/home/igorferreira/.m2/repository/jstl/jstl/1.2/jstl-1.2.jar:/home/igorferreira/.m2/repository/log4j/log4j/1.2.17/log4j-1.2.17.jar:/home/igorferreira/.m2/repository/com/alibaba/fastjson/1.1.41/fastjson-1.1.41.jar:/home/igorferreira/.m2/repository/org/slf4j/slf4j-api/1.7.7/slf4j-api-1.7.7.jar:/home/igorferreira/.m2/repository/org/slf4j/slf4j-log4j12/1.7.7/slf4j-log4j12-1.7.7.jar:/home/igorferreira/.m2/repository/org/codehaus/jackson/jackson-mapper-asl/1.9.13/jackson-mapper-asl-1.9.13.jar:/home/igorferreira/.m2/repository/org/codehaus/jackson/jackson-core-asl/1.9.13/jackson-core-asl-1.9.13.jar:/home/igorferreira/.m2/repository/com/github/pagehelper/pagehelper/5.1.4/pagehelper-5.1.4.jar:/home/igorferreira/.m2/repository/com/github/jsqlparser/jsqlparser/1.0/jsqlparser-1.0.jar:"/>
    <property name="java.vm.vendor" value="Amazon.com Inc."/>
    <property name="sun.arch.data.model" value="64"/>
    <property name="java.vendor.url" value="https://aws.amazon.com/corretto/"/>
    <property name="user.timezone" value=""/>
    <property name="user.country.format" value="BR"/>
    <property name="java.vm.specification.version" value="11"/>
    <property name="os.name" value="Linux"/>
    <property name="sun.java.launcher" value="SUN_STANDARD"/>
    <property name="user.country" value="US"/>
    <property name="sun.boot.library.path" value="/home/igorferreira/.sdkman/candidates/java/11.0.24-amzn/lib"/>
    <property name="sun.java.command" value="/home/igorferreira/projetos/luiz/AI-JAVA/demo/target/surefire/surefirebooter13743117854055164271.jar /home/igorferreira/projetos/luiz/AI-JAVA/demo/target/surefire 2024-07-26T02-53-31_051-jvmRun1 surefire15724334309309095135tmp surefire_03524401662286493886tmp"/>
    <property name="jdk.debug" value="release"/>
    <property name="surefire.test.class.path" value="/home/igorferreira/projetos/luiz/AI-JAVA/demo/target/test-classes:/home/igorferreira/projetos/luiz/AI-JAVA/demo/target/classes:/home/igorferreira/.m2/repository/org/springframework/spring-core/4.0.2.RELEASE/spring-core-4.0.2.RELEASE.jar:/home/igorferreira/.m2/repository/commons-logging/commons-logging/1.1.3/commons-logging-1.1.3.jar:/home/igorferreira/.m2/repository/org/springframework/spring-beans/4.0.2.RELEASE/spring-beans-4.0.2.RELEASE.jar:/home/igorferreira/.m2/repository/org/springframework/spring-context/4.0.2.RELEASE/spring-context-4.0.2.RELEASE.jar:/home/igorferreira/.m2/repository/org/springframework/spring-expression/4.0.2.RELEASE/spring-expression-4.0.2.RELEASE.jar:/home/igorferreira/.m2/repository/org/springframework/spring-context-support/4.0.2.RELEASE/spring-context-support-4.0.2.RELEASE.jar:/home/igorferreira/.m2/repository/net/sf/jasperreports/jasperreports/6.2.1/jasperreports-6.2.1.jar:/home/igorferreira/.m2/repository/commons-beanutils/commons-beanutils/1.9.0/commons-beanutils-1.9.0.jar:/home/igorferreira/.m2/repository/commons-collections/commons-collections/3.2.2/commons-collections-3.2.2.jar:/home/igorferreira/.m2/repository/commons-digester/commons-digester/2.1/commons-digester-2.1.jar:/home/igorferreira/.m2/repository/org/jfree/jcommon/1.0.23/jcommon-1.0.23.jar:/home/igorferreira/.m2/repository/org/jfree/jfreechart/1.0.19/jfreechart-1.0.19.jar:/home/igorferreira/.m2/repository/org/eclipse/jdt/core/compiler/ecj/4.3.1/ecj-4.3.1.jar:/home/igorferreira/.m2/repository/org/codehaus/castor/castor-xml/1.3.3/castor-xml-1.3.3.jar:/home/igorferreira/.m2/repository/org/codehaus/castor/castor-core/1.3.3/castor-core-1.3.3.jar:/home/igorferreira/.m2/repository/commons-lang/commons-lang/2.6/commons-lang-2.6.jar:/home/igorferreira/.m2/repository/javax/inject/javax.inject/1/javax.inject-1.jar:/home/igorferreira/.m2/repository/stax/stax/1.2.0/stax-1.2.0.jar:/home/igorferreira/.m2/repository/stax/stax-api/1.0.1/stax-api-1.0.1.jar:/home/igorferreira/.m2/repository/javax/xml/stream/stax-api/1.0-2/stax-api-1.0-2.jar:/home/igorferreira/.m2/repository/org/apache/lucene/lucene-core/4.5.1/lucene-core-4.5.1.jar:/home/igorferreira/.m2/repository/org/apache/lucene/lucene-analyzers-common/4.5.1/lucene-analyzers-common-4.5.1.jar:/home/igorferreira/.m2/repository/org/apache/lucene/lucene-queryparser/4.5.1/lucene-queryparser-4.5.1.jar:/home/igorferreira/.m2/repository/org/apache/lucene/lucene-queries/4.5.1/lucene-queries-4.5.1.jar:/home/igorferreira/.m2/repository/org/apache/lucene/lucene-sandbox/4.5.1/lucene-sandbox-4.5.1.jar:/home/igorferreira/.m2/repository/jakarta-regexp/jakarta-regexp/1.4/jakarta-regexp-1.4.jar:/home/igorferreira/.m2/repository/com/google/zxing/core/2.3.0/core-2.3.0.jar:/home/igorferreira/.m2/repository/com/itextpdf/itextpdf/5.5.13.2/itextpdf-5.5.13.2.jar:/home/igorferreira/.m2/repository/org/olap4j/olap4j/1.2.0/olap4j-1.2.0.jar:/home/igorferreira/.m2/repository/xerces/xercesImpl/2.11.0/xercesImpl-2.11.0.jar:/home/igorferreira/.m2/repository/xml-apis/xml-apis/1.4.01/xml-apis-1.4.01.jar:/home/igorferreira/.m2/repository/org/springframework/spring-web/4.0.2.RELEASE/spring-web-4.0.2.RELEASE.jar:/home/igorferreira/.m2/repository/org/springframework/spring-webmvc/4.0.2.RELEASE/spring-webmvc-4.0.2.RELEASE.jar:/home/igorferreira/.m2/repository/org/springframework/spring-tx/4.0.2.RELEASE/spring-tx-4.0.2.RELEASE.jar:/home/igorferreira/.m2/repository/org/springframework/spring-jdbc/4.0.2.RELEASE/spring-jdbc-4.0.2.RELEASE.jar:/home/igorferreira/.m2/repository/org/springframework/spring-aop/4.0.2.RELEASE/spring-aop-4.0.2.RELEASE.jar:/home/igorferreira/.m2/repository/aopalliance/aopalliance/1.0/aopalliance-1.0.jar:/home/igorferreira/.m2/repository/org/springframework/spring-oxm/4.0.2.RELEASE/spring-oxm-4.0.2.RELEASE.jar:/home/igorferreira/.m2/repository/org/springframework/spring-test/4.0.2.RELEASE/spring-test-4.0.2.RELEASE.jar:/home/igorferreira/.m2/repository/junit/junit/4.13.2/junit-4.13.2.jar:/home/igorferreira/.m2/repository/org/hamcrest/hamcrest-core/1.3/hamcrest-core-1.3.jar:/home/igorferreira/.m2/repository/com/fasterxml/jackson/core/jackson-core/2.9.8/jackson-core-2.9.8.jar:/home/igorferreira/.m2/repository/com/fasterxml/jackson/core/jackson-databind/2.9.8/jackson-databind-2.9.8.jar:/home/igorferreira/.m2/repository/com/fasterxml/jackson/core/jackson-annotations/2.9.8/jackson-annotations-2.9.8.jar:/home/igorferreira/.m2/repository/com/mysql/mysql-connector-j/8.0.32/mysql-connector-j-8.0.32.jar:/home/igorferreira/.m2/repository/com/google/protobuf/protobuf-java/3.21.9/protobuf-java-3.21.9.jar:/home/igorferreira/.m2/repository/org/mybatis/mybatis/3.5.6/mybatis-3.5.6.jar:/home/igorferreira/.m2/repository/org/mybatis/mybatis-spring/1.3.0/mybatis-spring-1.3.0.jar:/home/igorferreira/.m2/repository/javax/servlet/javax.servlet-api/3.0.1/javax.servlet-api-3.0.1.jar:/home/igorferreira/.m2/repository/org/java-websocket/Java-WebSocket/1.5.2/Java-WebSocket-1.5.2.jar:/home/igorferreira/.m2/repository/javax/json/javax.json-api/1.1.4/javax.json-api-1.1.4.jar:/home/igorferreira/.m2/repository/org/glassfish/javax.json/1.1.4/javax.json-1.1.4.jar:/home/igorferreira/.m2/repository/commons-codec/commons-codec/1.14/commons-codec-1.14.jar:/home/igorferreira/.m2/repository/commons-dbcp/commons-dbcp/1.2.2/commons-dbcp-1.2.2.jar:/home/igorferreira/.m2/repository/commons-pool/commons-pool/1.3/commons-pool-1.3.jar:/home/igorferreira/.m2/repository/commons-fileupload/commons-fileupload/1.3.1/commons-fileupload-1.3.1.jar:/home/igorferreira/.m2/repository/commons-io/commons-io/2.5/commons-io-2.5.jar:/home/igorferreira/.m2/repository/jstl/jstl/1.2/jstl-1.2.jar:/home/igorferreira/.m2/repository/log4j/log4j/1.2.17/log4j-1.2.17.jar:/home/igorferreira/.m2/repository/com/alibaba/fastjson/1.1.41/fastjson-1.1.41.jar:/home/igorferreira/.m2/repository/org/slf4j/slf4j-api/1.7.7/slf4j-api-1.7.7.jar:/home/igorferreira/.m2/repository/org/slf4j/slf4j-log4j12/1.7.7/slf4j-log4j12-1.7.7.jar:/home/igorferreira/.m2/repository/org/codehaus/jackson/jackson-mapper-asl/1.9.13/jackson-mapper-asl-1.9.13.jar:/home/igorferreira/.m2/repository/org/codehaus/jackson/jackson-core-asl/1.9.13/jackson-core-asl-1.9.13.jar:/home/igorferreira/.m2/repository/com/github/pagehelper/pagehelper/5.1.4/pagehelper-5.1.4.jar:/home/igorferreira/.m2/repository/com/github/jsqlparser/jsqlparser/1.0/jsqlparser-1.0.jar:"/>
    <property name="sun.cpu.endian" value="little"/>
    <property name="user.home" value="/home/igorferreira"/>
    <property name="user.language" value="en"/>
    <property name="java.specification.vendor" value="Oracle Corporation"/>
    <property name="java.version.date" value="2024-07-16"/>
    <property name="java.home" value="/home/igorferreira/.sdkman/candidates/java/11.0.24-amzn"/>
    <property name="file.separator" value="/"/>
    <property name="basedir" value="/home/igorferreira/projetos/luiz/AI-JAVA/demo"/>
    <property name="java.vm.compressedOopsMode" value="Zero based"/>
    <property name="line.separator" value="&#10;"/>
    <property name="java.specification.name" value="Java Platform API Specification"/>
    <property name="java.vm.specification.vendor" value="Oracle Corporation"/>
    <property name="java.awt.graphicsenv" value="sun.awt.X11GraphicsEnvironment"/>
    <property name="surefire.real.class.path" value="/home/igorferreira/projetos/luiz/AI-JAVA/demo/target/surefire/surefirebooter13743117854055164271.jar"/>
    <property name="sun.management.compiler" value="HotSpot 64-Bit Tiered Compilers"/>
    <property name="java.runtime.version" value="11.0.24+8-LTS"/>
    <property name="user.name" value="igorferreira"/>
    <property name="path.separator" value=":"/>
    <property name="os.version" value="6.2.0-39-generic"/>
    <property name="java.runtime.name" value="OpenJDK Runtime Environment"/>
    <property name="file.encoding" value="UTF-8"/>
    <property name="java.vm.name" value="OpenJDK 64-Bit Server VM"/>
    <property name="java.vendor.version" value="Corretto-11.0.24.8.1"/>
    <property name="localRepository" value="/home/igorferreira/.m2/repository"/>
    <property name="java.vendor.url.bug" value="https://github.com/corretto/corretto-11/issues/"/>
    <property name="java.io.tmpdir" value="/tmp"/>
    <property name="java.version" value="11.0.24"/>
    <property name="user.dir" value="/home/igorferreira/projetos/luiz/AI-JAVA/demo"/>
    <property name="os.arch" value="amd64"/>
    <property name="java.vm.specification.name" value="Java Virtual Machine Specification"/>
    <property name="java.awt.printerjob" value="sun.print.PSPrinterJob"/>
    <property name="user.language.format" value="pt"/>
    <property name="sun.os.patch.level" value="unknown"/>
    <property name="java.library.path" value="/usr/java/packages/lib:/usr/lib64:/lib64:/lib:/usr/lib"/>
    <property name="java.vm.info" value="mixed mode"/>
    <property name="java.vendor" value="Amazon.com Inc."/>
    <property name="java.vm.version" value="11.0.24+8-LTS"/>
    <property name="java.specification.maintenance.version" value="2"/>
    <property name="sun.io.unicode.encoding" value="UnicodeLittle"/>
    <property name="java.class.version" value="55.0"/>
  </properties>
  <testcase name="name" classname="com.timmy.Test2" time="0.599"/>
</testsuite>